#Software: devenv
#ProcessID: 6736
#AppDomain: throwawayDomaind6b87fbc-246e-4099-85c2-36de92136fe7
#BaseDirectory: C:\Program Files (x86)\Microsoft Visual Studio\2017\Enterprise\Common7\IDE\
#CurrentDirectory: D:\Code\Sky.QiNiu.WebApi
#CommandLine: "C:\Program Files (x86)\Microsoft Visual Studio\2017\Enterprise\Common7\IDE\devenv.exe" "D:\Code\Sky.QiNiu.WebApi\Sky.QiNiu.WebApi.sln"
#ApplicationType: WinForm
#CLR: 4.0.30319.42000, 
#OS: Windows 10.0.16299.0 x64, Microsoft Windows NT 10.0.16299.0, IsMatch/ISMATCH
#Memory: 11,867M/16,383M
#CPU: 8
#Date: 2017-12-28
#字段: 时间 线程ID 线程池Y网页W普通N 线程名 消息内容
#Fields: Time ThreadID IsPoolThread ThreadName Message
22:45:15.330  1 N - NewLife.Core v6.5.2017.1015 Build 2017-12-14 21:17:50 .NET Framework 4.5
22:45:15.332  1 N - 组件核心库 ©2002-2017 新生命开发团队 http://git.newlifex.com/NewLife/X
22:45:15.332  1 N - Setting的配置文件Config\Core.config 不存在，准备用默认配置覆盖！
22:45:15.377  1 N - 未指定模型文件，准备从目录中查找第一个xml文件 D:\Code\Sky.QiNiu.WebApi\Sky.QiNiu
22:45:26.603  1 N - 未指定模型文件，准备从目录中查找第一个xml文件 D:\Code\Sky.QiNiu.WebApi\Sky.QiNiu\Models
22:52:29.209  1 N - NewLife.Setting的配置文件D:\Code\Sky.QiNiu.WebApi\Sky.QiNiu\Config\Core.config有更新，重新加载配置！
22:52:29.209  1 N - 未指定模型文件，准备从目录中查找第一个xml文件 D:\Code\Sky.QiNiu.WebApi\Sky.QiNiu\Models
22:52:29.253  1 N - Setting的配置文件Config\XCode.config 不存在，准备用默认配置覆盖！
22:52:29.259  1 N - XCode v9.6.2017.0808 Build 2017-12-14 21:17:54 .NET Framework 4.5
22:52:29.259  1 N - 大数据中间件 ©2002-2017 新生命开发团队 http://www.NewLifeX.com
22:52:31.208  1 N - 代码生成源：D:\Code\Sky.QiNiu.WebApi\Sky.QiNiu\Models\FilesInfo.xml
22:52:31.208  1 N - 代码生成：1 输出：D:\Code\Sky.QiNiu.WebApi\Sky.QiNiu\Models 命名空间：Sky.Models 连接名：Conn 基类：
23:03:20.141  1 N - 未指定模型文件，准备从目录中查找第一个xml文件 D:\Code\Sky.QiNiu.WebApi\Sky.QiNiu\Models
23:03:20.142  1 N - 代码生成源：D:\Code\Sky.QiNiu.WebApi\Sky.QiNiu\Models\FilesInfo.xml
23:03:20.142  1 N - 代码生成：1 输出：D:\Code\Sky.QiNiu.WebApi\Sky.QiNiu\Models 命名空间：Sky.Models 连接名：Conn 基类：Entity
